[0827/201212.325:ERROR:process_reader_win.cc(151)] SuspendThread: Access is denied. (0x5)
[0827/201212.325:ERROR:process_reader_win.cc(151)] SuspendThread: Access is denied. (0x5)
[0827/201212.326:ERROR:process_reader_win.cc(151)] SuspendThread: Access is denied. (0x5)
[0827/201212.326:ERROR:process_reader_win.cc(123)] NtOpenThread: {Access Denied} A process has requested access to an object, but has not been granted those access rights. (0xc0000022)
[0827/201212.327:ERROR:exception_snapshot_win.cc(98)] thread ID 25252 not found in process
[0827/201212.326:ERROR:process_reader_win.cc(123)] NtOpenThread: {Access Denied} A process has requested access to an object, but has not been granted those access rights. (0xc0000022)
[0827/201212.393:ERROR:process_reader_win.cc(123)] NtOpenThread: {Access Denied} A process has requested access to an object, but has not been granted those access rights. (0xc0000022)
[0827/201212.377:ERROR:process_reader_win.cc(151)] SuspendThread: Access is denied. (0x5)
[0827/201213.891:ERROR:exception_snapshot_win.cc(98)] thread ID 17544 not found in process
[0827/201213.891:ERROR:exception_snapshot_win.cc(98)] thread ID 22756 not found in process
[0827/201212.354:ERROR:process_reader_win.cc(151)] SuspendThread: Access is denied. (0x5)
[0827/201212.346:ERROR:process_reader_win.cc(151)] SuspendThread: Access is denied. (0x5)
[0827/201213.891:ERROR:process_reader_win.cc(123)] NtOpenThread: An invalid Client ID was specified. (0xc000000b)
[0827/201213.891:ERROR:process_reader_win.cc(123)] NtOpenThread: An invalid Client ID was specified. (0xc000000b)
[0827/201213.891:ERROR:process_reader_win.cc(151)] SuspendThread: Access is denied. (0x5)
[0827/201213.891:ERROR:exception_snapshot_win.cc(98)] thread ID 27428 not found in process
[0827/201213.891:ERROR:process_reader_win.cc(123)] NtOpenThread: An invalid Client ID was specified. (0xc000000b)
[0827/201213.891:ERROR:exception_snapshot_win.cc(98)] thread ID 17100 not found in process
[0827/201213.891:ERROR:process_reader_win.cc(123)] NtOpenThread: {Access Denied} A process has requested access to an object, but has not been granted those access rights. (0xc0000022)
[0827/201213.891:ERROR:exception_snapshot_win.cc(98)] thread ID 11784 not found in process
[0827/201213.892:ERROR:scoped_process_suspend.cc(40)] NtResumeProcess: An attempt was made to access an exiting process. (0xc000010a)
[0827/201213.892:ERROR:scoped_process_suspend.cc(40)] NtResumeProcess: An attempt was made to access an exiting process. (0xc000010a)
[0828/035850.228:ERROR:process_reader_win.cc(123)] NtOpenThread: {Access Denied} A process has requested access to an object, but has not been granted those access rights. (0xc0000022)
[0828/035850.229:ERROR:exception_snapshot_win.cc(98)] thread ID 24860 not found in process
[0828/035850.239:ERROR:process_reader_win.cc(123)] NtOpenThread: {Access Denied} A process has requested access to an object, but has not been granted those access rights. (0xc0000022)
[0828/035850.239:ERROR:exception_snapshot_win.cc(98)] thread ID 25440 not found in process
[0828/040350.662:ERROR:process_reader_win.cc(123)] NtOpenThread: {Access Denied} A process has requested access to an object, but has not been granted those access rights. (0xc0000022)
[0828/040350.663:ERROR:exception_snapshot_win.cc(98)] thread ID 7824 not found in process
[0828/040350.678:ERROR:process_reader_win.cc(123)] NtOpenThread: {Access Denied} A process has requested access to an object, but has not been granted those access rights. (0xc0000022)
[0828/040350.678:ERROR:exception_snapshot_win.cc(98)] thread ID 548 not found in process
